2020-05-02 13:42:16 +0000  Initial pipeline context: <IDEDistributionProcessingPipelineContext: 0x7ff8f94b1f20; archive(resolved)='<IDEArchive: 0x7ff8f26ef250>', distributionTask(resolved)='2', distributionDestination(resolved)='1', distributionMethod(resolved)='<IDEDistributionMethodiOSAppStoreDistribution: 0x7ff8f8672580>', team(resolved)='<IDEProvisioningDisambiguatableBasicTeam: 0x7ff8f3847bd0; teamID='R3JJQ7S8P7', teamName='Samuel Costa', teamType='Individual', username='sam.costa96@icloud.com', isFreeProvisioningTeam='0'>'>
	Chain (12, self inclusive):
	<IDEDistributionProcessingPipelineContext: 0x7ff8f94b1f20; archive = '<IDEArchive: 0x7ff8f26ef250>', distributionMethod='<IDEDistributionMethodiOSAppStoreDistribution: 0x7ff8f8672580>', team='<IDEProvisioningDisambiguatableBasicTeam: 0x7ff8f3847bd0; teamID='R3JJQ7S8P7', teamName='Samuel Costa', teamType='Individual', username='sam.costa96@icloud.com', isFreeProvisioningTeam='0'>'>
	<IDEDistributionProcessingPipelineContext: 0x7ff8f22cbe80; archive = '<IDEArchive: 0x7ff8f26ef250>', distributionMethod='<IDEDistributionMethodiOSAppStoreDistribution: 0x7ff8f8672580>', team='<IDEProvisioningDisambiguatableBasicTeam: 0x7ff8f3847bd0; teamID='R3JJQ7S8P7', teamName='Samuel Costa', teamType='Individual', username='sam.costa96@icloud.com', isFreeProvisioningTeam='0'>'>
	<IDEDistributionContext: 0x7ff8f9238ad0; archive = '<IDEArchive: 0x7ff8f26ef250>', distributionMethod='<IDEDistributionMethodiOSAppStoreDistribution: 0x7ff8f8672580>', team='<IDEProvisioningDisambiguatableBasicTeam: 0x7ff8f3847bd0; teamID='R3JJQ7S8P7', teamName='Samuel Costa', teamType='Individual', username='sam.costa96@icloud.com', isFreeProvisioningTeam='0'>'>
	<IDEDistributionContext: 0x7ff8f79bc980; archive = '<IDEArchive: 0x7ff8f26ef250>', distributionMethod='<IDEDistributionMethodiOSAppStoreDistribution: 0x7ff8f8672580>', team='<IDEProvisioningDisambiguatableBasicTeam: 0x7ff8f3847bd0; teamID='R3JJQ7S8P7', teamName='Samuel Costa', teamType='Individual', username='sam.costa96@icloud.com', isFreeProvisioningTeam='0'>'>
	<IDEDistributionContext: 0x7ff8f32c38e0; archive = '<IDEArchive: 0x7ff8f26ef250>', distributionMethod='<IDEDistributionMethodiOSAppStoreDistribution: 0x7ff8f8672580>', team='<IDEProvisioningDisambiguatableBasicTeam: 0x7ff8f3847bd0; teamID='R3JJQ7S8P7', teamName='Samuel Costa', teamType='Individual', username='sam.costa96@icloud.com', isFreeProvisioningTeam='0'>'>
	<IDEDistributionContext: 0x7ff8f90c7e40; archive = '<IDEArchive: 0x7ff8f26ef250>', distributionMethod='<IDEDistributionMethodiOSAppStoreDistribution: 0x7ff8f8672580>', team='<IDEProvisioningDisambiguatableBasicTeam: 0x7ff8f3847bd0; teamID='R3JJQ7S8P7', teamName='Samuel Costa', teamType='Individual', username='sam.costa96@icloud.com', isFreeProvisioningTeam='0'>'>
	<IDEDistributionContext: 0x7ff8f93d8390; archive = '<IDEArchive: 0x7ff8f26ef250>', distributionMethod='<IDEDistributionMethodiOSAppStoreDistribution: 0x7ff8f8672580>', team='<IDEProvisioningDisambiguatableBasicTeam: 0x7ff8f3847bd0; teamID='R3JJQ7S8P7', teamName='Samuel Costa', teamType='Individual', username='sam.costa96@icloud.com', isFreeProvisioningTeam='0'>'>
	<IDEDistributionContext: 0x7ff8f93c2030; archive = '<IDEArchive: 0x7ff8f26ef250>', distributionMethod='<IDEDistributionMethodiOSAppStoreDistribution: 0x7ff8f8672580>', team='<IDEProvisioningDisambiguatableBasicTeam: 0x7ff8f3847bd0; teamID='R3JJQ7S8P7', teamName='Samuel Costa', teamType='Individual', username='sam.costa96@icloud.com', isFreeProvisioningTeam='0'>'>
	<IDEDistributionContext: 0x7ff8f9145530; archive = '<IDEArchive: 0x7ff8f26ef250>', distributionMethod='<IDEDistributionMethodiOSAppStoreDistribution: 0x7ff8f8672580>', team='<IDEProvisioningDisambiguatableBasicTeam: 0x7ff8f3847bd0; teamID='R3JJQ7S8P7', teamName='Samuel Costa', teamType='Individual', username='sam.costa96@icloud.com', isFreeProvisioningTeam='0'>'>
	<IDEDistributionContext: 0x7ff8f93c2490; archive = '<IDEArchive: 0x7ff8f26ef250>', distributionMethod='<IDEDistributionMethodiOSAppStoreDistribution: 0x7ff8f8672580>', team='(null)'>
	<IDEDistributionContext: 0x7ff8f93aec70; archive = '<IDEArchive: 0x7ff8f26ef250>', distributionMethod='<IDEDistributionMethodiOSAppStoreDistribution: 0x7ff8f8672580>', team='(null)'>
	<IDEDistributionContext: 0x7ff8f936a7e0; archive = '<IDEArchive: 0x7ff8f26ef250>', distributionMethod='(null)', team='(null)'>
</IDEDistributionProcessingPipelineContext: 0x7ff8f94b1f20>
2020-05-02 13:42:16 +0000  Processing step: IDEDistributionCreateDestRootStep
2020-05-02 13:42:16 +0000  Processing step: IDEDistributionCopyItemStep
2020-05-02 13:42:16 +0000  Running /usr/bin/ditto '-V' '/Users/whaj47/Library/Developer/Xcode/Archives/2020-05-02/DailyInspired 02-05-2020, 6.41 AM.xcarchive/Products/Applications/app.app' '/var/folders/hm/7ry3gy4n2w561ztpzp_nv2xh0000gn/T/XcodeDistPipeline.~~~hUxUCw/Root/Payload/app.app'
2020-05-02 13:42:16 +0000  >>> Copying /Users/whaj47/Library/Developer/Xcode/Archives/2020-05-02/DailyInspired 02-05-2020, 6.41 AM.xcarchive/Products/Applications/app.app 
2020-05-02 13:42:16 +0000  copying file ./_CodeSignature/CodeResources ... 
2020-05-02 13:42:16 +0000  26365 bytes for ./_CodeSignature/CodeResources
2020-05-02 13:42:16 +0000  copying file ./asset_7d40544b395c5949f4646f5e150fe020.png ... 
2020-05-02 13:42:16 +0000  290 bytes for ./asset_7d40544b395c5949f4646f5e150fe020.png
copying file ./asset_b2e0fc821c6886fb3940f85a3320003e.ttf ... 
2020-05-02 13:42:16 +0000  112472 bytes for ./asset_b2e0fc821c6886fb3940f85a3320003e.ttf
2020-05-02 13:42:16 +0000  copying file ./asset_a37b0c01c0baf1888ca812cc0508f6e2.ttf ... 
2020-05-02 13:42:16 +0000  128180 bytes for ./asset_a37b0c01c0baf1888ca812cc0508f6e2.ttf
copying file ./asset_5a293a273bee8d740a045d9922b9a9ae.ttf ... 
2020-05-02 13:42:16 +0000  515304 bytes for ./asset_5a293a273bee8d740a045d9922b9a9ae.ttf
2020-05-02 13:42:16 +0000  copying file ./asset_b392cc368cdcacaebad2b9da203708b6.png ... 
15702 bytes for ./asset_b392cc368cdcacaebad2b9da203708b6.png
copying file ./asset_94c4ffdcbffeb0570c635d7f8edd8a25.json ... 
2020-05-02 13:42:16 +0000  1454 bytes for ./asset_94c4ffdcbffeb0570c635d7f8edd8a25.json
copying file ./AppIcon20x20@2x.png ... 
2020-05-02 13:42:16 +0000  2749 bytes for ./AppIcon20x20@2x.png
2020-05-02 13:42:16 +0000  copying file ./asset_e20945d7c929279ef7a6f1db184a4470.ttf ... 
2020-05-02 13:42:16 +0000  56976 bytes for ./asset_e20945d7c929279ef7a6f1db184a4470.ttf
copying file ./asset_3a2ba31570920eeb9b1d217cabe58315.ttf ... 
2020-05-02 13:42:16 +0000  70344 bytes for ./asset_3a2ba31570920eeb9b1d217cabe58315.ttf
2020-05-02 13:42:16 +0000  copying file ./AppIcon57x57.png ... 
2020-05-02 13:42:16 +0000  4471 bytes for ./AppIcon57x57.png
2020-05-02 13:42:16 +0000  copying file ./asset_0ea69b5077e7c4696db85dbcba75b0e1.png ... 
2020-05-02 13:42:16 +0000  761 bytes for ./asset_0ea69b5077e7c4696db85dbcba75b0e1.png
copying file ./asset_09dd345dbd4ec5a0874841d5749ac153.json ... 
2020-05-02 13:42:16 +0000  30175 bytes for ./asset_09dd345dbd4ec5a0874841d5749ac153.json
2020-05-02 13:42:16 +0000  copying file ./asset_647543ebfccf6e5495434383598453d1.json ... 
2020-05-02 13:42:16 +0000  4102 bytes for ./asset_647543ebfccf6e5495434383598453d1.json
copying file ./asset_2e562d4ebf15395f00bc738738f79291.ttf ... 
2020-05-02 13:42:16 +0000  34092 bytes for ./asset_2e562d4ebf15395f00bc738738f79291.ttf
copying file ./asset_c79c3606a1cf168006ad3979763c7e0c.png ... 
2020-05-02 13:42:16 +0000  134 bytes for ./asset_c79c3606a1cf168006ad3979763c7e0c.png
2020-05-02 13:42:16 +0000  copying file ./app ... 
2020-05-02 13:42:17 +0000  91652432 bytes for ./app
copying file ./AppIcon20x20@3x.png ... 
2020-05-02 13:42:17 +0000  4820 bytes for ./AppIcon20x20@3x.png
copying file ./asset_7dd7b44b3286ea1f8f88405de346cabe.png ... 
2020-05-02 13:42:17 +0000  17768 bytes for ./asset_7dd7b44b3286ea1f8f88405de346cabe.png
2020-05-02 13:42:17 +0000  copying file ./asset_140c53a7643ea949007aa9a282153849.ttf ... 
2020-05-02 13:42:17 +0000  13456 bytes for ./asset_140c53a7643ea949007aa9a282153849.ttf
copying file ./AppIcon29x29.png ... 
2020-05-02 13:42:17 +0000  1744 bytes for ./AppIcon29x29.png
copying file ./asset_f1f91feb805137c9283fb766620ec5eb.json ... 
2020-05-02 13:42:17 +0000  17437 bytes for ./asset_f1f91feb805137c9283fb766620ec5eb.json
2020-05-02 13:42:17 +0000  copying file ./asset_b582e1c8a605c3b9a1c26e09789a78d4.json ... 
2020-05-02 13:42:17 +0000  91413 bytes for ./asset_b582e1c8a605c3b9a1c26e09789a78d4.json
2020-05-02 13:42:17 +0000  copying file ./asset_49a79d66bdea2debf1832bf4d7aca127.ttf ... 
2020-05-02 13:42:17 +0000  93252 bytes for ./asset_49a79d66bdea2debf1832bf4d7aca127.ttf
copying file ./asset_744ce60078c17d86006dd0edabcd59a7.ttf ... 
2020-05-02 13:42:17 +0000  65584 bytes for ./asset_744ce60078c17d86006dd0edabcd59a7.ttf
copying file ./asset_c6aef942e3668158ec29d4adcb2e768f.ttf ... 
2020-05-02 13:42:17 +0000  125016 bytes for ./asset_c6aef942e3668158ec29d4adcb2e768f.ttf
2020-05-02 13:42:17 +0000  copying file ./asset_8b12b3e16d591abc926165fa8f760e3b.json ... 
2020-05-02 13:42:17 +0000  6303 bytes for ./asset_8b12b3e16d591abc926165fa8f760e3b.json
2020-05-02 13:42:17 +0000  copying file ./AppIcon60x60@2x.png ... 
2020-05-02 13:42:17 +0000  11707 bytes for ./AppIcon60x60@2x.png
2020-05-02 13:42:17 +0000  copying file ./asset_0886a6b127c6057cee83f9c65c7ffd62.json ... 
2020-05-02 13:42:17 +0000  26240 bytes for ./asset_0886a6b127c6057cee83f9c65c7ffd62.json
2020-05-02 13:42:17 +0000  copying file ./AppIcon29x29@2x.png ... 
2020-05-02 13:42:17 +0000  4592 bytes for ./AppIcon29x29@2x.png
copying file ./asset_d73bdea4c9a4e62320ccb738ed3f2c8d.png ... 
2020-05-02 13:42:17 +0000  18407 bytes for ./asset_d73bdea4c9a4e62320ccb738ed3f2c8d.png
2020-05-02 13:42:17 +0000  copying file ./asset_8e7f807ef943bff1f6d3c2c6e0f3769e.ttf ... 
2020-05-02 13:42:17 +0000  28364 bytes for ./asset_8e7f807ef943bff1f6d3c2c6e0f3769e.ttf
2020-05-02 13:42:17 +0000  copying file ./asset_d2285965fe34b05465047401b8595dd0.ttf ... 
2020-05-02 13:42:17 +0000  54056 bytes for ./asset_d2285965fe34b05465047401b8595dd0.ttf
copying file ./AppIcon40x40@3x.png ... 
2020-05-02 13:42:17 +0000  11707 bytes for ./AppIcon40x40@3x.png
copying file ./AppIcon57x57@2x.png ... 
2020-05-02 13:42:17 +0000  11172 bytes for ./AppIcon57x57@2x.png
2020-05-02 13:42:17 +0000  copying file ./asset_69dd8e8fd12f14c709b973ae0fc2dc64.png ... 
2020-05-02 13:42:17 +0000  15468 bytes for ./asset_69dd8e8fd12f14c709b973ae0fc2dc64.png
2020-05-02 13:42:17 +0000  copying file ./AppIcon40x40@2x.png ... 
2020-05-02 13:42:17 +0000  7174 bytes for ./AppIcon40x40@2x.png
2020-05-02 13:42:17 +0000  copying file ./asset_02bc1fa7c0313217bde2d65ccbff40c9.png ... 
2020-05-02 13:42:17 +0000  167 bytes for ./asset_02bc1fa7c0313217bde2d65ccbff40c9.png
2020-05-02 13:42:17 +0000  copying file ./asset_b06871f281fee6b241d60582ae9369b9.ttf ... 
2020-05-02 13:42:17 +0000  165548 bytes for ./asset_b06871f281fee6b241d60582ae9369b9.ttf
copying file ./AppIcon29x29@3x.png ... 
2020-05-02 13:42:17 +0000  8032 bytes for ./AppIcon29x29@3x.png
copying file ./LaunchScreen.nib ... 
2020-05-02 13:42:17 +0000  1753 bytes for ./LaunchScreen.nib
2020-05-02 13:42:17 +0000  copying file ./AppIcon60x60@3x.png ... 
2020-05-02 13:42:17 +0000  18851 bytes for ./AppIcon60x60@3x.png
2020-05-02 13:42:17 +0000  copying file ./asset_85ae102ad9b323d315f4810f81d12952.json ... 
2020-05-02 13:42:17 +0000  44868 bytes for ./asset_85ae102ad9b323d315f4810f81d12952.json
2020-05-02 13:42:17 +0000  copying file ./asset_60668d999bbaf663420340f7bdd580d7.json ... 
2020-05-02 13:42:17 +0000  6417 bytes for ./asset_60668d999bbaf663420340f7bdd580d7.json
2020-05-02 13:42:17 +0000  copying file ./asset_f5b790e2ac193b3d41015edb3551f9b8.png ... 
2020-05-02 13:42:17 +0000  812 bytes for ./asset_f5b790e2ac193b3d41015edb3551f9b8.png
copying file ./asset_f2f34dc3f2f079791cb5f45c01e81064.json ... 
2020-05-02 13:42:17 +0000  64 bytes for ./asset_f2f34dc3f2f079791cb5f45c01e81064.json
2020-05-02 13:42:17 +0000  copying file ./asset_46c8473e3a6dc096e844e4de60b8e01f.json ... 
2020-05-02 13:42:17 +0000  356 bytes for ./asset_46c8473e3a6dc096e844e4de60b8e01f.json
copying file ./asset_fdc01171a7a7ea76b187afcd162dee7d.json ... 
2020-05-02 13:42:17 +0000  3992 bytes for ./asset_fdc01171a7a7ea76b187afcd162dee7d.json
copying file ./asset_a132ecc4ba5c1517ff83c0fb321bc7fc.png ... 
2020-05-02 13:42:17 +0000  405 bytes for ./asset_a132ecc4ba5c1517ff83c0fb321bc7fc.png
copying file ./asset_ac2596262dbfbfac3bf1d0de7c51baac.png ... 
2020-05-02 13:42:17 +0000  15339 bytes for ./asset_ac2596262dbfbfac3bf1d0de7c51baac.png
copying file ./asset_cdd04e13d4ec83ff0cd13ec8dabdc341.png ... 
2020-05-02 13:42:17 +0000  373 bytes for ./asset_cdd04e13d4ec83ff0cd13ec8dabdc341.png
2020-05-02 13:42:17 +0000  copying file ./asset_6beba7e6834963f7f171d3bdd075c915.ttf ... 
2020-05-02 13:42:17 +0000  65112 bytes for ./asset_6beba7e6834963f7f171d3bdd075c915.ttf
copying file ./Assets.car ... 
2020-05-02 13:42:17 +0000  4838703 bytes for ./Assets.car
copying file ./asset_d70e30c3888d07b9f6c3b1f21467fb5c.png ... 
2020-05-02 13:42:17 +0000  15537 bytes for ./asset_d70e30c3888d07b9f6c3b1f21467fb5c.png
copying file ./asset_1a2cc4efb80df89e7986c227eeb3ca25.png ... 
2020-05-02 13:42:17 +0000  18592 bytes for ./asset_1a2cc4efb80df89e7986c227eeb3ca25.png
2020-05-02 13:42:17 +0000  copying file ./asset_461d9bba8b6a3c91675039df12cfe6ca.json ... 
2020-05-02 13:42:17 +0000  9486 bytes for ./asset_461d9bba8b6a3c91675039df12cfe6ca.json
copying file ./asset_7e078700f0c35367a56c5bbb2047dda7.json ... 
2020-05-02 13:42:17 +0000  22815 bytes for ./asset_7e078700f0c35367a56c5bbb2047dda7.json
copying file ./asset_872545dde71de3842234bf6afe80c4cb.ttf ... 
2020-05-02 13:42:17 +0000  186228 bytes for ./asset_872545dde71de3842234bf6afe80c4cb.ttf
2020-05-02 13:42:17 +0000  copying file ./asset_e1e771bac050d06a83d3adf2a50029d8.json ... 
2020-05-02 13:42:17 +0000  1961 bytes for ./asset_e1e771bac050d06a83d3adf2a50029d8.json
2020-05-02 13:42:17 +0000  copying file ./asset_b0fe4c6979defc2060c44d4dccd1483c.png ... 
2020-05-02 13:42:17 +0000  729178 bytes for ./asset_b0fe4c6979defc2060c44d4dccd1483c.png
2020-05-02 13:42:17 +0000  copying file ./asset_648f2d510967a87880abfed9476aeb28.json ... 
2020-05-02 13:42:17 +0000  5676 bytes for ./asset_648f2d510967a87880abfed9476aeb28.json
copying file ./app.manifest ... 
2020-05-02 13:42:17 +0000  4706 bytes for ./app.manifest
copying file ./asset_74d124a3caeac2bea111f3ca2f2dd34a.json ... 
2020-05-02 13:42:17 +0000  2013 bytes for ./asset_74d124a3caeac2bea111f3ca2f2dd34a.json
2020-05-02 13:42:17 +0000  copying file ./asset_55e69df45310842a704d19ea5cc222f8.png ... 
2020-05-02 13:42:17 +0000  186101 bytes for ./asset_55e69df45310842a704d19ea5cc222f8.png
copying file ./asset_d795b79d7ad1a1d4cbdd19e947b04090.png ... 
2020-05-02 13:42:17 +0000  15038 bytes for ./asset_d795b79d7ad1a1d4cbdd19e947b04090.png
copying file ./asset_778ffc9fe8773a878e9c30a6304784de.png ... 
2020-05-02 13:42:17 +0000  100 bytes for ./asset_778ffc9fe8773a878e9c30a6304784de.png
2020-05-02 13:42:17 +0000  copying file ./asset_35ba0eaec5a4f5ed12ca16fabeae451d.png ... 
2020-05-02 13:42:17 +0000  207 bytes for ./asset_35ba0eaec5a4f5ed12ca16fabeae451d.png
copying file ./app.bundle ... 
2020-05-02 13:42:17 +0000  2085096 bytes for ./app.bundle
copying file ./asset_2ac32dec71143dccca808a592a85eb9f.json ... 
2020-05-02 13:42:17 +0000  3149 bytes for ./asset_2ac32dec71143dccca808a592a85eb9f.json
copying file ./embedded.mobileprovision ... 
9475 bytes for ./embedded.mobileprovision
copying file ./asset_5b835477eff92b1075f8375eec9d414a.png ... 
2020-05-02 13:42:17 +0000  15188 bytes for ./asset_5b835477eff92b1075f8375eec9d414a.png
copying file ./asset_3e6805fbc794680014716b8c752f20b8.json ... 
2020-05-02 13:42:17 +0000  17166 bytes for ./asset_3e6805fbc794680014716b8c752f20b8.json
copying file ./Info.plist ... 
2020-05-02 13:42:17 +0000  2509 bytes for ./Info.plist
2020-05-02 13:42:17 +0000  copying file ./asset_5cdf883b18a5651a29a4d1ef276d2457.ttf ... 
2020-05-02 13:42:17 +0000  25552 bytes for ./asset_5cdf883b18a5651a29a4d1ef276d2457.ttf
copying file ./Expo.plist ... 
2020-05-02 13:42:17 +0000  179 bytes for ./Expo.plist
2020-05-02 13:42:17 +0000  copying file ./PkgInfo ... 
2020-05-02 13:42:17 +0000  8 bytes for ./PkgInfo
2020-05-02 13:42:17 +0000  copying file ./asset_6165c9d7a2e729ba57b23dd93add5366.png ... 
2020-05-02 13:42:17 +0000  1619 bytes for ./asset_6165c9d7a2e729ba57b23dd93add5366.png
2020-05-02 13:42:17 +0000  copying file ./asset_376d6a4c7f622917c39feb23671ef71d.png ... 
2020-05-02 13:42:17 +0000  134 bytes for ./asset_376d6a4c7f622917c39feb23671ef71d.png
2020-05-02 13:42:17 +0000  /usr/bin/ditto exited with 0
2020-05-02 13:42:17 +0000  Processing step: IDEDistributionEmbedProfileStep
2020-05-02 13:42:17 +0000  Processing step: IDEDistributionInfoPlistStep
2020-05-02 13:42:17 +0000  Skipping step: IDEDistributionInfoPlistStep because it said so
2020-05-02 13:42:17 +0000  Processing step: IDEDistributionItemRemovalStep
2020-05-02 13:42:17 +0000  Processing step: IDEDistributionAppThinningPlistStep
2020-05-02 13:42:17 +0000  Skipping step: IDEDistributionAppThinningPlistStep because it said so
2020-05-02 13:42:17 +0000  Processing step: IDEDistributionCompileBitcodeStep
2020-05-02 13:42:17 +0000  Skipping step: IDEDistributionCompileBitcodeStep because it said so
2020-05-02 13:42:17 +0000  Processing step: IDEDistributionCodeSlimmingStep
2020-05-02 13:42:17 +0000  Processing step: IDEDistributionCopyBCSymbolMapsStep
2020-05-02 13:42:17 +0000  Running /usr/bin/ditto '-V' '/Users/whaj47/Library/Developer/Xcode/Archives/2020-05-02/DailyInspired 02-05-2020, 6.41 AM.xcarchive/BCSymbolMaps/8B0E0BB9-514E-315B-81D0-ED3E14ADDB35.bcsymbolmap' '/var/folders/hm/7ry3gy4n2w561ztpzp_nv2xh0000gn/T/XcodeDistPipeline.~~~hUxUCw/Root/BCSymbolMaps/8B0E0BB9-514E-315B-81D0-ED3E14ADDB35.bcsymbolmap'
2020-05-02 13:42:17 +0000  >>> Copying /Users/whaj47/Library/Developer/Xcode/Archives/2020-05-02/DailyInspired 02-05-2020, 6.41 AM.xcarchive/BCSymbolMaps/8B0E0BB9-514E-315B-81D0-ED3E14ADDB35.bcsymbolmap 
2020-05-02 13:42:17 +0000  copying file ./8B0E0BB9-514E-315B-81D0-ED3E14ADDB35.bcsymbolmap ... 
2020-05-02 13:42:17 +0000  2469325 bytes for ./8B0E0BB9-514E-315B-81D0-ED3E14ADDB35.bcsymbolmap
2020-05-02 13:42:17 +0000  /usr/bin/ditto exited with 0
2020-05-02 13:42:17 +0000  Running /usr/bin/ditto '-V' '/Users/whaj47/Library/Developer/Xcode/Archives/2020-05-02/DailyInspired 02-05-2020, 6.41 AM.xcarchive/BCSymbolMaps/A04EF1BB-AB67-3F86-B32A-A69DCE72B48D.bcsymbolmap' '/var/folders/hm/7ry3gy4n2w561ztpzp_nv2xh0000gn/T/XcodeDistPipeline.~~~hUxUCw/Root/BCSymbolMaps/A04EF1BB-AB67-3F86-B32A-A69DCE72B48D.bcsymbolmap'
2020-05-02 13:42:17 +0000  >>> Copying /Users/whaj47/Library/Developer/Xcode/Archives/2020-05-02/DailyInspired 02-05-2020, 6.41 AM.xcarchive/BCSymbolMaps/A04EF1BB-AB67-3F86-B32A-A69DCE72B48D.bcsymbolmap 
2020-05-02 13:42:17 +0000  copying file ./A04EF1BB-AB67-3F86-B32A-A69DCE72B48D.bcsymbolmap ... 
2020-05-02 13:42:17 +0000  2496346 bytes for ./A04EF1BB-AB67-3F86-B32A-A69DCE72B48D.bcsymbolmap
2020-05-02 13:42:17 +0000  /usr/bin/ditto exited with 0
2020-05-02 13:42:17 +0000  Processing step: IDEDistributionSymbolsStep
2020-05-02 13:42:18 +0000  Excluding symbols for app.app
2020-05-02 13:42:18 +0000  Processing step: IDEDistributionCopyAppleProvidedContentStep
2020-05-02 13:42:18 +0000  Processing step: IDEDistributionAppThinningStep
2020-05-02 13:42:18 +0000  Skipping step: IDEDistributionAppThinningStep because it said so
2020-05-02 13:42:18 +0000  Processing step: IDEDistributionArchThinningStep
2020-05-02 13:42:18 +0000  Running /Applications/Xcode.app/Contents/Developer/Toolchains/XcodeDefault.xctoolchain/usr/bin/lipo '/var/folders/hm/7ry3gy4n2w561ztpzp_nv2xh0000gn/T/XcodeDistPipeline.~~~hUxUCw/Root/Payload/app.app/app' '-verify_arch' 'arm64e'
2020-05-02 13:42:18 +0000  /Applications/Xcode.app/Contents/Developer/Toolchains/XcodeDefault.xctoolchain/usr/bin/lipo exited with 1
2020-05-02 13:42:18 +0000  Skipping architecture thinning for item "app" because arch "arm64e" wasn't found
2020-05-02 13:42:18 +0000  Processing step: IDEDistributionODRStep
2020-05-02 13:42:18 +0000  Processing step: IDEDistributionStripXattrsStep
2020-05-02 13:42:18 +0000  Running /usr/bin/xattr '-crs' '/var/folders/hm/7ry3gy4n2w561ztpzp_nv2xh0000gn/T/XcodeDistPipeline.~~~hUxUCw/Root/Payload/app.app'
2020-05-02 13:42:18 +0000  /usr/bin/xattr exited with 0
2020-05-02 13:42:18 +0000  Processing step: IDEDistributionCodesignStep
2020-05-02 13:42:18 +0000  Entitlements for <IDEDistributionItem: 0x7ff8f93c0a30; bundleID='com.inspiredDaily.app', path='<DVTFilePath:0x7ff8f866c940:'/Users/whaj47/Library/Developer/Xcode/Archives/2020-05-02/DailyInspired 02-05-2020, 6.41 AM.xcarchive/Products/Applications/app.app'>', codeSigningInfo='<_DVTCodeSigningInformation_Path: 0x7ff8f9245fa0; isSigned='1', isAdHocSigned='0', signingCertificate='<DVTSigningCertificate: 0x7ff8f9316730; name='Apple Development: Samuel Costa (L98S7DPJBT)', hash='D36D4502C36D7E68416178ED62318FB11D8473BE', serialNumber='6DA2628BD78B43E3', certificateKinds='(
    "1.2.840.113635.100.6.1.12",
    "1.2.840.113635.100.6.1.2"
), issueDate='2020-04-29 17:55:26 +0000''>', entitlements='{
    "application-identifier" = "R3JJQ7S8P7.com.inspiredDaily.app";
    "aps-environment" = development;
    "com.apple.developer.team-identifier" = R3JJQ7S8P7;
    "get-task-allow" = 1;
}', teamID='R3JJQ7S8P7', identifier='com.inspiredDaily.app', executablePath='<DVTFilePath:0x7ff8f292fd30:'/Users/whaj47/Library/Developer/Xcode/Archives/2020-05-02/DailyInspired 02-05-2020, 6.41 AM.xcarchive/Products/Applications/app.app/app'>', hardenedRuntime='0'>'>: {
    "application-identifier" = "R3JJQ7S8P7.com.inspiredDaily.app";
    "aps-environment" = production;
    "beta-reports-active" = 1;
    "com.apple.developer.team-identifier" = R3JJQ7S8P7;
    "get-task-allow" = 0;
}
2020-05-02 13:42:18 +0000  Writing entitlements for <IDEDistributionItem: 0x7ff8f93c0a30; bundleID='com.inspiredDaily.app', path='<DVTFilePath:0x7ff8f866c940:'/Users/whaj47/Library/Developer/Xcode/Archives/2020-05-02/DailyInspired 02-05-2020, 6.41 AM.xcarchive/Products/Applications/app.app'>', codeSigningInfo='<_DVTCodeSigningInformation_Path: 0x7ff8f9245fa0; isSigned='1', isAdHocSigned='0', signingCertificate='<DVTSigningCertificate: 0x7ff8f9382620; name='Apple Development: Samuel Costa (L98S7DPJBT)', hash='D36D4502C36D7E68416178ED62318FB11D8473BE', serialNumber='6DA2628BD78B43E3', certificateKinds='(
    "1.2.840.113635.100.6.1.12",
    "1.2.840.113635.100.6.1.2"
), issueDate='2020-04-29 17:55:26 +0000''>', entitlements='{
    "application-identifier" = "R3JJQ7S8P7.com.inspiredDaily.app";
    "aps-environment" = development;
    "com.apple.developer.team-identifier" = R3JJQ7S8P7;
    "get-task-allow" = 1;
}', teamID='R3JJQ7S8P7', identifier='com.inspiredDaily.app', executablePath='<DVTFilePath:0x7ff8f292fd30:'/Users/whaj47/Library/Developer/Xcode/Archives/2020-05-02/DailyInspired 02-05-2020, 6.41 AM.xcarchive/Products/Applications/app.app/app'>', hardenedRuntime='0'>'> to: /var/folders/hm/7ry3gy4n2w561ztpzp_nv2xh0000gn/T/XcodeDistPipeline.~~~hUxUCw/entitlements~~~aXqsOu
2020-05-02 13:42:18 +0000  Running /usr/bin/codesign '-vvv' '--force' '--sign' '6AAF5CE08A89EEE83B4D5A4313544AAB5BB0DCB3' '--entitlements' '/var/folders/hm/7ry3gy4n2w561ztpzp_nv2xh0000gn/T/XcodeDistPipeline.~~~hUxUCw/entitlements~~~aXqsOu' '--preserve-metadata=identifier,flags,runtime' '/var/folders/hm/7ry3gy4n2w561ztpzp_nv2xh0000gn/T/XcodeDistPipeline.~~~hUxUCw/Root/Payload/app.app'
2020-05-02 13:42:19 +0000  /var/folders/hm/7ry3gy4n2w561ztpzp_nv2xh0000gn/T/XcodeDistPipeline.~~~hUxUCw/Root/Payload/app.app: signed app bundle with Mach-O universal (armv7 arm64) [com.inspiredDaily.app]
2020-05-02 13:42:19 +0000  /usr/bin/codesign exited with 0
2020-05-02 13:42:19 +0000  Processing step: IDEDistributionZipODRItemStep
2020-05-02 13:42:19 +0000  Skipping step: IDEDistributionZipODRItemStep because it said so
2020-05-02 13:42:19 +0000  Processing step: IDEDistributionCreateIPAStep
2020-05-02 13:42:19 +0000  Running /usr/bin/ditto '-V' '-c' '-k' '--norsrc' '/var/folders/hm/7ry3gy4n2w561ztpzp_nv2xh0000gn/T/XcodeDistPipeline.~~~hUxUCw/Root' '/var/folders/hm/7ry3gy4n2w561ztpzp_nv2xh0000gn/T/XcodeDistPipeline.~~~hUxUCw/Packages/DailyInspired.ipa'
2020-05-02 13:42:19 +0000  >>> Copying /var/folders/hm/7ry3gy4n2w561ztpzp_nv2xh0000gn/T/XcodeDistPipeline.~~~hUxUCw/Root 
2020-05-02 13:42:19 +0000  copying file ./BCSymbolMaps/A04EF1BB-AB67-3F86-B32A-A69DCE72B48D.bcsymbolmap ... 
2020-05-02 13:42:19 +0000  2496346 bytes for ./BCSymbolMaps/A04EF1BB-AB67-3F86-B32A-A69DCE72B48D.bcsymbolmap
copying file ./BCSymbolMaps/8B0E0BB9-514E-315B-81D0-ED3E14ADDB35.bcsymbolmap ... 
2020-05-02 13:42:19 +0000  2469325 bytes for ./BCSymbolMaps/8B0E0BB9-514E-315B-81D0-ED3E14ADDB35.bcsymbolmap
2020-05-02 13:42:19 +0000  copying file ./Payload/app.app/_CodeSignature/CodeResources ... 
2020-05-02 13:42:19 +0000  26365 bytes for ./Payload/app.app/_CodeSignature/CodeResources
copying file ./Payload/app.app/asset_7d40544b395c5949f4646f5e150fe020.png ... 
2020-05-02 13:42:19 +0000  290 bytes for ./Payload/app.app/asset_7d40544b395c5949f4646f5e150fe020.png
copying file ./Payload/app.app/asset_b2e0fc821c6886fb3940f85a3320003e.ttf ... 
2020-05-02 13:42:19 +0000  112472 bytes for ./Payload/app.app/asset_b2e0fc821c6886fb3940f85a3320003e.ttf
2020-05-02 13:42:19 +0000  copying file ./Payload/app.app/asset_a37b0c01c0baf1888ca812cc0508f6e2.ttf ... 
2020-05-02 13:42:19 +0000  128180 bytes for ./Payload/app.app/asset_a37b0c01c0baf1888ca812cc0508f6e2.ttf
copying file ./Payload/app.app/asset_5a293a273bee8d740a045d9922b9a9ae.ttf ... 
2020-05-02 13:42:19 +0000  515304 bytes for ./Payload/app.app/asset_5a293a273bee8d740a045d9922b9a9ae.ttf
copying file ./Payload/app.app/asset_b392cc368cdcacaebad2b9da203708b6.png ... 
2020-05-02 13:42:19 +0000  15702 bytes for ./Payload/app.app/asset_b392cc368cdcacaebad2b9da203708b6.png
copying file ./Payload/app.app/asset_94c4ffdcbffeb0570c635d7f8edd8a25.json ... 
2020-05-02 13:42:19 +0000  1454 bytes for ./Payload/app.app/asset_94c4ffdcbffeb0570c635d7f8edd8a25.json
copying file ./Payload/app.app/AppIcon20x20@2x.png ... 
2020-05-02 13:42:19 +0000  2749 bytes for ./Payload/app.app/AppIcon20x20@2x.png
copying file ./Payload/app.app/asset_e20945d7c929279ef7a6f1db184a4470.ttf ... 
2020-05-02 13:42:19 +0000  56976 bytes for ./Payload/app.app/asset_e20945d7c929279ef7a6f1db184a4470.ttf
copying file ./Payload/app.app/asset_3a2ba31570920eeb9b1d217cabe58315.ttf ... 
2020-05-02 13:42:19 +0000  70344 bytes for ./Payload/app.app/asset_3a2ba31570920eeb9b1d217cabe58315.ttf
2020-05-02 13:42:19 +0000  copying file ./Payload/app.app/AppIcon57x57.png ... 
2020-05-02 13:42:19 +0000  4471 bytes for ./Payload/app.app/AppIcon57x57.png
copying file ./Payload/app.app/asset_0ea69b5077e7c4696db85dbcba75b0e1.png ... 
2020-05-02 13:42:19 +0000  761 bytes for ./Payload/app.app/asset_0ea69b5077e7c4696db85dbcba75b0e1.png
2020-05-02 13:42:19 +0000  copying file ./Payload/app.app/asset_09dd345dbd4ec5a0874841d5749ac153.json ... 
2020-05-02 13:42:19 +0000  30175 bytes for ./Payload/app.app/asset_09dd345dbd4ec5a0874841d5749ac153.json
copying file ./Payload/app.app/asset_647543ebfccf6e5495434383598453d1.json ... 
2020-05-02 13:42:19 +0000  4102 bytes for ./Payload/app.app/asset_647543ebfccf6e5495434383598453d1.json
copying file ./Payload/app.app/asset_2e562d4ebf15395f00bc738738f79291.ttf ... 
2020-05-02 13:42:19 +0000  34092 bytes for ./Payload/app.app/asset_2e562d4ebf15395f00bc738738f79291.ttf
copying file ./Payload/app.app/asset_c79c3606a1cf168006ad3979763c7e0c.png ... 
2020-05-02 13:42:19 +0000  134 bytes for ./Payload/app.app/asset_c79c3606a1cf168006ad3979763c7e0c.png
copying file ./Payload/app.app/app ... 
2020-05-02 13:42:23 +0000  79926960 bytes for ./Payload/app.app/app
copying file ./Payload/app.app/AppIcon20x20@3x.png ... 
2020-05-02 13:42:23 +0000  4820 bytes for ./Payload/app.app/AppIcon20x20@3x.png
copying file ./Payload/app.app/asset_7dd7b44b3286ea1f8f88405de346cabe.png ... 
17768 bytes for ./Payload/app.app/asset_7dd7b44b3286ea1f8f88405de346cabe.png
copying file ./Payload/app.app/asset_140c53a7643ea949007aa9a282153849.ttf ... 
13456 bytes for ./Payload/app.app/asset_140c53a7643ea949007aa9a282153849.ttf
copying file ./Payload/app.app/AppIcon29x29.png ... 
2020-05-02 13:42:23 +0000  1744 bytes for ./Payload/app.app/AppIcon29x29.png
copying file ./Payload/app.app/asset_f1f91feb805137c9283fb766620ec5eb.json ... 
2020-05-02 13:42:23 +0000  17437 bytes for ./Payload/app.app/asset_f1f91feb805137c9283fb766620ec5eb.json
copying file ./Payload/app.app/asset_b582e1c8a605c3b9a1c26e09789a78d4.json ... 
2020-05-02 13:42:23 +0000  91413 bytes for ./Payload/app.app/asset_b582e1c8a605c3b9a1c26e09789a78d4.json
copying file ./Payload/app.app/asset_49a79d66bdea2debf1832bf4d7aca127.ttf ... 
2020-05-02 13:42:23 +0000  93252 bytes for ./Payload/app.app/asset_49a79d66bdea2debf1832bf4d7aca127.ttf
copying file ./Payload/app.app/asset_744ce60078c17d86006dd0edabcd59a7.ttf ... 
2020-05-02 13:42:23 +0000  65584 bytes for ./Payload/app.app/asset_744ce60078c17d86006dd0edabcd59a7.ttf
copying file ./Payload/app.app/asset_c6aef942e3668158ec29d4adcb2e768f.ttf ... 
2020-05-02 13:42:23 +0000  125016 bytes for ./Payload/app.app/asset_c6aef942e3668158ec29d4adcb2e768f.ttf
copying file ./Payload/app.app/asset_8b12b3e16d591abc926165fa8f760e3b.json ... 
2020-05-02 13:42:23 +0000  6303 bytes for ./Payload/app.app/asset_8b12b3e16d591abc926165fa8f760e3b.json
2020-05-02 13:42:23 +0000  copying file ./Payload/app.app/AppIcon60x60@2x.png ... 
2020-05-02 13:42:23 +0000  11707 bytes for ./Payload/app.app/AppIcon60x60@2x.png
copying file ./Payload/app.app/asset_0886a6b127c6057cee83f9c65c7ffd62.json ... 
2020-05-02 13:42:23 +0000  26240 bytes for ./Payload/app.app/asset_0886a6b127c6057cee83f9c65c7ffd62.json
copying file ./Payload/app.app/AppIcon29x29@2x.png ... 
2020-05-02 13:42:23 +0000  4592 bytes for ./Payload/app.app/AppIcon29x29@2x.png
copying file ./Payload/app.app/asset_d73bdea4c9a4e62320ccb738ed3f2c8d.png ... 
2020-05-02 13:42:23 +0000  18407 bytes for ./Payload/app.app/asset_d73bdea4c9a4e62320ccb738ed3f2c8d.png
copying file ./Payload/app.app/asset_8e7f807ef943bff1f6d3c2c6e0f3769e.ttf ... 
2020-05-02 13:42:23 +0000  28364 bytes for ./Payload/app.app/asset_8e7f807ef943bff1f6d3c2c6e0f3769e.ttf
copying file ./Payload/app.app/asset_d2285965fe34b05465047401b8595dd0.ttf ... 
2020-05-02 13:42:23 +0000  54056 bytes for ./Payload/app.app/asset_d2285965fe34b05465047401b8595dd0.ttf
copying file ./Payload/app.app/AppIcon40x40@3x.png ... 
2020-05-02 13:42:23 +0000  11707 bytes for ./Payload/app.app/AppIcon40x40@3x.png
copying file ./Payload/app.app/AppIcon57x57@2x.png ... 
2020-05-02 13:42:23 +0000  11172 bytes for ./Payload/app.app/AppIcon57x57@2x.png
copying file ./Payload/app.app/asset_69dd8e8fd12f14c709b973ae0fc2dc64.png ... 
2020-05-02 13:42:23 +0000  15468 bytes for ./Payload/app.app/asset_69dd8e8fd12f14c709b973ae0fc2dc64.png
copying file ./Payload/app.app/AppIcon40x40@2x.png ... 
2020-05-02 13:42:23 +0000  7174 bytes for ./Payload/app.app/AppIcon40x40@2x.png
copying file ./Payload/app.app/asset_02bc1fa7c0313217bde2d65ccbff40c9.png ... 
2020-05-02 13:42:23 +0000  167 bytes for ./Payload/app.app/asset_02bc1fa7c0313217bde2d65ccbff40c9.png
copying file ./Payload/app.app/asset_b06871f281fee6b241d60582ae9369b9.ttf ... 
2020-05-02 13:42:23 +0000  165548 bytes for ./Payload/app.app/asset_b06871f281fee6b241d60582ae9369b9.ttf
copying file ./Payload/app.app/AppIcon29x29@3x.png ... 
2020-05-02 13:42:23 +0000  8032 bytes for ./Payload/app.app/AppIcon29x29@3x.png
copying file ./Payload/app.app/LaunchScreen.nib ... 
2020-05-02 13:42:23 +0000  1753 bytes for ./Payload/app.app/LaunchScreen.nib
copying file ./Payload/app.app/AppIcon60x60@3x.png ... 
2020-05-02 13:42:23 +0000  18851 bytes for ./Payload/app.app/AppIcon60x60@3x.png
copying file ./Payload/app.app/asset_85ae102ad9b323d315f4810f81d12952.json ... 
2020-05-02 13:42:23 +0000  44868 bytes for ./Payload/app.app/asset_85ae102ad9b323d315f4810f81d12952.json
copying file ./Payload/app.app/asset_60668d999bbaf663420340f7bdd580d7.json ... 
2020-05-02 13:42:23 +0000  6417 bytes for ./Payload/app.app/asset_60668d999bbaf663420340f7bdd580d7.json
copying file ./Payload/app.app/asset_f5b790e2ac193b3d41015edb3551f9b8.png ... 
2020-05-02 13:42:23 +0000  812 bytes for ./Payload/app.app/asset_f5b790e2ac193b3d41015edb3551f9b8.png
copying file ./Payload/app.app/asset_f2f34dc3f2f079791cb5f45c01e81064.json ... 
2020-05-02 13:42:23 +0000  64 bytes for ./Payload/app.app/asset_f2f34dc3f2f079791cb5f45c01e81064.json
copying file ./Payload/app.app/asset_46c8473e3a6dc096e844e4de60b8e01f.json ... 
2020-05-02 13:42:23 +0000  356 bytes for ./Payload/app.app/asset_46c8473e3a6dc096e844e4de60b8e01f.json
copying file ./Payload/app.app/asset_fdc01171a7a7ea76b187afcd162dee7d.json ... 
2020-05-02 13:42:23 +0000  3992 bytes for ./Payload/app.app/asset_fdc01171a7a7ea76b187afcd162dee7d.json
2020-05-02 13:42:23 +0000  copying file ./Payload/app.app/asset_a132ecc4ba5c1517ff83c0fb321bc7fc.png ... 
2020-05-02 13:42:23 +0000  405 bytes for ./Payload/app.app/asset_a132ecc4ba5c1517ff83c0fb321bc7fc.png
copying file ./Payload/app.app/asset_ac2596262dbfbfac3bf1d0de7c51baac.png ... 
2020-05-02 13:42:23 +0000  15339 bytes for ./Payload/app.app/asset_ac2596262dbfbfac3bf1d0de7c51baac.png
copying file ./Payload/app.app/asset_cdd04e13d4ec83ff0cd13ec8dabdc341.png ... 
2020-05-02 13:42:23 +0000  373 bytes for ./Payload/app.app/asset_cdd04e13d4ec83ff0cd13ec8dabdc341.png
copying file ./Payload/app.app/asset_6beba7e6834963f7f171d3bdd075c915.ttf ... 
2020-05-02 13:42:23 +0000  65112 bytes for ./Payload/app.app/asset_6beba7e6834963f7f171d3bdd075c915.ttf
copying file ./Payload/app.app/Assets.car ... 
2020-05-02 13:42:23 +0000  4838703 bytes for ./Payload/app.app/Assets.car
copying file ./Payload/app.app/asset_d70e30c3888d07b9f6c3b1f21467fb5c.png ... 
2020-05-02 13:42:23 +0000  15537 bytes for ./Payload/app.app/asset_d70e30c3888d07b9f6c3b1f21467fb5c.png
copying file ./Payload/app.app/asset_1a2cc4efb80df89e7986c227eeb3ca25.png ... 
2020-05-02 13:42:23 +0000  18592 bytes for ./Payload/app.app/asset_1a2cc4efb80df89e7986c227eeb3ca25.png
copying file ./Payload/app.app/asset_461d9bba8b6a3c91675039df12cfe6ca.json ... 
2020-05-02 13:42:23 +0000  9486 bytes for ./Payload/app.app/asset_461d9bba8b6a3c91675039df12cfe6ca.json
copying file ./Payload/app.app/asset_7e078700f0c35367a56c5bbb2047dda7.json ... 
2020-05-02 13:42:23 +0000  22815 bytes for ./Payload/app.app/asset_7e078700f0c35367a56c5bbb2047dda7.json
copying file ./Payload/app.app/asset_872545dde71de3842234bf6afe80c4cb.ttf ... 
2020-05-02 13:42:23 +0000  186228 bytes for ./Payload/app.app/asset_872545dde71de3842234bf6afe80c4cb.ttf
copying file ./Payload/app.app/asset_e1e771bac050d06a83d3adf2a50029d8.json ... 
2020-05-02 13:42:23 +0000  1961 bytes for ./Payload/app.app/asset_e1e771bac050d06a83d3adf2a50029d8.json
2020-05-02 13:42:23 +0000  copying file ./Payload/app.app/asset_b0fe4c6979defc2060c44d4dccd1483c.png ... 
2020-05-02 13:42:23 +0000  729178 bytes for ./Payload/app.app/asset_b0fe4c6979defc2060c44d4dccd1483c.png
copying file ./Payload/app.app/asset_648f2d510967a87880abfed9476aeb28.json ... 
2020-05-02 13:42:23 +0000  5676 bytes for ./Payload/app.app/asset_648f2d510967a87880abfed9476aeb28.json
2020-05-02 13:42:23 +0000  copying file ./Payload/app.app/app.manifest ... 
2020-05-02 13:42:23 +0000  4706 bytes for ./Payload/app.app/app.manifest
copying file ./Payload/app.app/asset_74d124a3caeac2bea111f3ca2f2dd34a.json ... 
2020-05-02 13:42:23 +0000  2013 bytes for ./Payload/app.app/asset_74d124a3caeac2bea111f3ca2f2dd34a.json
copying file ./Payload/app.app/asset_55e69df45310842a704d19ea5cc222f8.png ... 
2020-05-02 13:42:23 +0000  186101 bytes for ./Payload/app.app/asset_55e69df45310842a704d19ea5cc222f8.png
copying file ./Payload/app.app/asset_d795b79d7ad1a1d4cbdd19e947b04090.png ... 
2020-05-02 13:42:23 +0000  15038 bytes for ./Payload/app.app/asset_d795b79d7ad1a1d4cbdd19e947b04090.png
copying file ./Payload/app.app/asset_778ffc9fe8773a878e9c30a6304784de.png ... 
2020-05-02 13:42:23 +0000  100 bytes for ./Payload/app.app/asset_778ffc9fe8773a878e9c30a6304784de.png
copying file ./Payload/app.app/asset_35ba0eaec5a4f5ed12ca16fabeae451d.png ... 
2020-05-02 13:42:23 +0000  207 bytes for ./Payload/app.app/asset_35ba0eaec5a4f5ed12ca16fabeae451d.png
copying file ./Payload/app.app/app.bundle ... 
2020-05-02 13:42:23 +0000  2085096 bytes for ./Payload/app.app/app.bundle
copying file ./Payload/app.app/asset_2ac32dec71143dccca808a592a85eb9f.json ... 
2020-05-02 13:42:23 +0000  3149 bytes for ./Payload/app.app/asset_2ac32dec71143dccca808a592a85eb9f.json
copying file ./Payload/app.app/embedded.mobileprovision ... 
11358 bytes for ./Payload/app.app/embedded.mobileprovision
copying file ./Payload/app.app/asset_5b835477eff92b1075f8375eec9d414a.png ... 
15188 bytes for ./Payload/app.app/asset_5b835477eff92b1075f8375eec9d414a.png
copying file ./Payload/app.app/asset_3e6805fbc794680014716b8c752f20b8.json ... 
2020-05-02 13:42:23 +0000  17166 bytes for ./Payload/app.app/asset_3e6805fbc794680014716b8c752f20b8.json
copying file ./Payload/app.app/Info.plist ... 
2020-05-02 13:42:23 +0000  2509 bytes for ./Payload/app.app/Info.plist
copying file ./Payload/app.app/asset_5cdf883b18a5651a29a4d1ef276d2457.ttf ... 
2020-05-02 13:42:23 +0000  25552 bytes for ./Payload/app.app/asset_5cdf883b18a5651a29a4d1ef276d2457.ttf
copying file ./Payload/app.app/Expo.plist ... 
2020-05-02 13:42:23 +0000  179 bytes for ./Payload/app.app/Expo.plist
copying file ./Payload/app.app/PkgInfo ... 
2020-05-02 13:42:23 +0000  8 bytes for ./Payload/app.app/PkgInfo
copying file ./Payload/app.app/asset_6165c9d7a2e729ba57b23dd93add5366.png ... 
2020-05-02 13:42:23 +0000  1619 bytes for ./Payload/app.app/asset_6165c9d7a2e729ba57b23dd93add5366.png
copying file ./Payload/app.app/asset_376d6a4c7f622917c39feb23671ef71d.png ... 
2020-05-02 13:42:23 +0000  134 bytes for ./Payload/app.app/asset_376d6a4c7f622917c39feb23671ef71d.png
2020-05-02 13:42:23 +0000  /usr/bin/ditto exited with 0
2020-05-02 13:42:23 +0000  Processing step: IDEDistributionAppStoreInformationStep
2020-05-02 13:42:23 +0000  Skipping step: IDEDistributionAppStoreInformationStep because it said so
2020-05-02 13:42:23 +0000  Processing step: IDEDistributionGenerateProcessedDistributionItems
2020-05-02 13:42:24 +0000  Processing step: IDEDistributionCreateManifestStep
2020-05-02 13:42:24 +0000  Skipping step: IDEDistributionCreateManifestStep because it said so
